[debug] [2017-06-24T03:19:35.562Z] ----------------------------------------------------------------------
[debug] [2017-06-24T03:19:35.565Z] Command:      /usr/local/bin/node /usr/local/bin/firebase serve
[debug] [2017-06-24T03:19:35.565Z] CLI Version:  3.9.1
[debug] [2017-06-24T03:19:35.565Z] Platform:     darwin
[debug] [2017-06-24T03:19:35.565Z] Node Version: v8.1.2
[debug] [2017-06-24T03:19:35.566Z] Time:         Sat Jun 24 2017 10:19:35 GMT+0700 (+07)
[debug] [2017-06-24T03:19:35.566Z] ----------------------------------------------------------------------
[debug] 
[debug] [2017-06-24T03:19:35.580Z] > command requires scopes: ["email","openid","https://www.googleapis.com/auth/cloudplatformprojects.readonly","https://www.googleapis.com/auth/firebase","https://www.googleapis.com/auth/cloud-platform"]
[debug] [2017-06-24T03:19:35.581Z] > authorizing via signed-in user
[debug] [2017-06-24T03:19:35.583Z] > refreshing access token with scopes: ["email","https://www.googleapis.com/auth/cloud-platform","https://www.googleapis.com/auth/cloudplatformprojects.readonly","https://www.googleapis.com/auth/firebase","openid"]
[debug] [2017-06-24T03:19:35.583Z] >>> HTTP REQUEST POST https://www.googleapis.com/oauth2/v3/token { refresh_token: '1/y67uWbJP0rR3xk_vxdyN_maSJSc5aZekV8JfGwzpejE',
  client_id: '563584335869-fgrhgmd47bqnekij5i8b5pr03ho849e6.apps.googleusercontent.com',
  client_secret: 'j9iVZfS8kkCEFUPaAeJV0sAi',
  grant_type: 'refresh_token',
  scope: 'email https://www.googleapis.com/auth/cloud-platform https://www.googleapis.com/auth/cloudplatformprojects.readonly https://www.googleapis.com/auth/firebase openid' } 
 Sat Jun 24 2017 10:19:35 GMT+0700 (+07)
[debug] [2017-06-24T03:19:35.857Z] <<< HTTP RESPONSE 200
[debug] [2017-06-24T03:19:35.869Z] >>> HTTP REQUEST GET https://admin.firebase.com/v1/projects/stampro-6f860  
 Sat Jun 24 2017 10:19:35 GMT+0700 (+07)
[debug] [2017-06-24T03:19:37.752Z] <<< HTTP RESPONSE 200
[debug] [2017-06-24T03:19:37.753Z] >>> HTTP REQUEST GET https://admin.firebase.com/v1/database/stampro-6f860/tokens  
 Sat Jun 24 2017 10:19:37 GMT+0700 (+07)
[debug] [2017-06-24T03:19:39.092Z] <<< HTTP RESPONSE 200
[info] 
[info] === Serving from '/Users/Phayao/Codes/github/stampro'...
[info] 
[debug] [2017-06-24T03:19:39.095Z] >>> HTTP REQUEST GET https://cloudresourcemanager.googleapis.com/v1/projects/stampro-6f860  
 Sat Jun 24 2017 10:19:39 GMT+0700 (+07)
[debug] [2017-06-24T03:19:40.421Z] <<< HTTP RESPONSE 200
[debug] [2017-06-24T03:19:40.422Z] >>> HTTP REQUEST GET https://mobilesdk-pa.googleapis.com/v1/projects/771235130895/clients/_:getWebAppConfig  
 Sat Jun 24 2017 10:19:40 GMT+0700 (+07)
[debug] [2017-06-24T03:19:41.260Z] <<< HTTP RESPONSE 200
[info] i  hosting: Serving hosting files from: public
[info] ✔  hosting: Local server: http://localhost:5000

